  main.cpp
e:\opengl\finalproject\project2\project2\objloader.h(39): warning C4018: “<”: 有符号/无符号不匹配
e:\opengl\finalproject\project2\project2\objloader.h(66): warning C4244: “初始化”: 从“double”转换到“GLfloat”，可能丢失数据
e:\opengl\finalproject\project2\project2\objloader.h(79): warning C4018: “<”: 有符号/无符号不匹配
e:\opengl\finalproject\project2\project2\main.cpp(262): warning C4305: “参数”: 从“double”到“GLfloat”截断
e:\opengl\finalproject\project2\project2\main.cpp(263): warning C4305: “参数”: 从“double”到“GLfloat”截断
e:\opengl\finalproject\project2\project2\main.cpp(264): warning C4305: “参数”: 从“double”到“GLfloat”截断
e:\opengl\finalproject\project2\project2\main.cpp(265): warning C4305: “参数”: 从“double”到“GLfloat”截断
e:\opengl\finalproject\project2\project2\main.cpp(275): warning C4305: “参数”: 从“double”到“GLfloat”截断
e:\opengl\finalproject\project2\project2\main.cpp(276): warning C4305: “参数”: 从“double”到“GLfloat”截断
e:\opengl\finalproject\project2\project2\main.cpp(277): warning C4305: “参数”: 从“double”到“GLfloat”截断
e:\opengl\finalproject\project2\project2\main.cpp(278): warning C4305: “参数”: 从“double”到“GLfloat”截断
e:\opengl\finalproject\project2\project2\main.cpp(287): warning C4305: “参数”: 从“double”到“GLfloat”截断
e:\opengl\finalproject\project2\project2\main.cpp(288): warning C4305: “参数”: 从“double”到“GLfloat”截断
e:\opengl\finalproject\project2\project2\main.cpp(289): warning C4305: “参数”: 从“double”到“GLfloat”截断
e:\opengl\finalproject\project2\project2\main.cpp(290): warning C4305: “参数”: 从“double”到“GLfloat”截断
e:\opengl\finalproject\project2\project2\main.cpp(295): warning C4305: “参数”: 从“double”到“GLfloat”截断
e:\opengl\finalproject\project2\project2\main.cpp(300): warning C4305: “参数”: 从“double”到“GLfloat”截断
e:\opengl\finalproject\project2\project2\main.cpp(301): warning C4305: “参数”: 从“double”到“GLfloat”截断
e:\opengl\finalproject\project2\project2\main.cpp(302): warning C4305: “参数”: 从“double”到“GLfloat”截断
e:\opengl\finalproject\project2\project2\main.cpp(303): warning C4305: “参数”: 从“double”到“GLfloat”截断
e:\opengl\finalproject\project2\project2\main.cpp(310): warning C4305: “参数”: 从“double”到“GLfloat”截断
e:\opengl\finalproject\project2\project2\main.cpp(314): warning C4305: “参数”: 从“double”到“GLfloat”截断
e:\opengl\finalproject\project2\project2\main.cpp(315): warning C4305: “参数”: 从“double”到“GLfloat”截断
e:\opengl\finalproject\project2\project2\main.cpp(316): warning C4305: “参数”: 从“double”到“GLfloat”截断
e:\opengl\finalproject\project2\project2\main.cpp(317): warning C4305: “参数”: 从“double”到“GLfloat”截断
e:\opengl\finalproject\project2\project2\main.cpp(322): warning C4305: “参数”: 从“double”到“GLfloat”截断
e:\opengl\finalproject\project2\project2\main.cpp(326): warning C4305: “参数”: 从“double”到“GLfloat”截断
e:\opengl\finalproject\project2\project2\main.cpp(327): warning C4305: “参数”: 从“double”到“GLfloat”截断
e:\opengl\finalproject\project2\project2\main.cpp(328): warning C4305: “参数”: 从“double”到“GLfloat”截断
e:\opengl\finalproject\project2\project2\main.cpp(329): warning C4305: “参数”: 从“double”到“GLfloat”截断
e:\opengl\finalproject\project2\project2\main.cpp(383): warning C4305: “参数”: 从“double”到“GLfloat”截断
e:\opengl\finalproject\project2\project2\main.cpp(384): warning C4305: “参数”: 从“double”到“GLfloat”截断
e:\opengl\finalproject\project2\project2\main.cpp(391): warning C4305: “参数”: 从“double”到“GLfloat”截断
e:\opengl\finalproject\project2\project2\main.cpp(392): warning C4305: “参数”: 从“double”到“GLfloat”截断
e:\opengl\finalproject\project2\project2\main.cpp(399): warning C4305: “参数”: 从“double”到“GLfloat”截断
e:\opengl\finalproject\project2\project2\main.cpp(400): warning C4305: “参数”: 从“double”到“GLfloat”截断
e:\opengl\finalproject\project2\project2\main.cpp(407): warning C4305: “参数”: 从“double”到“GLfloat”截断
e:\opengl\finalproject\project2\project2\main.cpp(408): warning C4305: “参数”: 从“double”到“GLfloat”截断
e:\opengl\finalproject\project2\project2\main.cpp(417): warning C4305: “参数”: 从“double”到“GLfloat”截断
e:\opengl\finalproject\project2\project2\main.cpp(418): warning C4305: “参数”: 从“double”到“GLfloat”截断
e:\opengl\finalproject\project2\project2\main.cpp(425): warning C4305: “参数”: 从“double”到“GLfloat”截断
e:\opengl\finalproject\project2\project2\main.cpp(426): warning C4305: “参数”: 从“double”到“GLfloat”截断
e:\opengl\finalproject\project2\project2\main.cpp(440): warning C4305: “参数”: 从“double”到“GLfloat”截断
e:\opengl\finalproject\project2\project2\main.cpp(448): warning C4305: “参数”: 从“double”到“GLfloat”截断
e:\opengl\finalproject\project2\project2\main.cpp(462): warning C4305: “参数”: 从“double”到“GLfloat”截断
e:\opengl\finalproject\project2\project2\main.cpp(486): warning C4244: “初始化”: 从“double”转换到“float”，可能丢失数据
e:\opengl\finalproject\project2\project2\main.cpp(498): warning C4244: “初始化”: 从“double”转换到“float”，可能丢失数据
e:\opengl\finalproject\project2\project2\main.cpp(514): warning C4244: “初始化”: 从“double”转换到“float”，可能丢失数据
e:\opengl\finalproject\project2\project2\main.cpp(531): warning C4305: “初始化”: 从“double”到“GLfloat”截断
e:\opengl\finalproject\project2\project2\main.cpp(533): warning C4305: “初始化”: 从“double”到“GLfloat”截断
  Project2.vcxproj -> E:\opengl\finalproject\Project2\Debug\Project2.exe
